<?xml version="1.0" encoding="UTF-8"?>
<!-- Generated by org.testng.reporters.JUnitReportReporter -->
<testsuite skipped="0" hostname="LAPTOP-OCU9AMD9" name="ethoca.challenge.magicmouse.testng.MagicMousePurchase" tests="7" failures="0" timestamp="10 Dec 2017 19:21:11 GMT" time="64.129" errors="0">
  <testcase name="loadUpStep7" time="2.501" classname="ethoca.challenge.magicmouse.testng.MagicMousePurchase"/>
  <testcase name="loadUpStep5" time="2.220" classname="ethoca.challenge.magicmouse.testng.MagicMousePurchase"/>
  <testcase name="loadUpStep6" time="23.554" classname="ethoca.challenge.magicmouse.testng.MagicMousePurchase"/>
  <testcase name="loadUpStep1" time="5.450" classname="ethoca.challenge.magicmouse.testng.MagicMousePurchase"/>
  <testcase name="loadUpStep2" time="9.504" classname="ethoca.challenge.magicmouse.testng.MagicMousePurchase"/>
  <testcase name="loadUpStep3" time="8.746" classname="ethoca.challenge.magicmouse.testng.MagicMousePurchase"/>
  <testcase name="loadUpStep4" time="12.154" classname="ethoca.challenge.magicmouse.testng.MagicMousePurchase"/>
</testsuite> <!-- ethoca.challenge.magicmouse.testng.MagicMousePurchase -->
